[2016-04-05 18:55:15] production.ERROR: exception 'Symfony\Component\Debug\Exception\FatalErrorException' with message 'syntax error, unexpected 'public' (T_PUBLIC)' in C:\xampp\htdocs\rsam\storage\framework\views\bda99c0704b54f189cb843b0ad23e04e:9
Stack trace:
#0 {main}  
[2016-04-05 19:04:26] production.ERROR: exception 'Symfony\Component\Debug\Exception\FatalErrorException' with message 'syntax error, unexpected 'css' (T_STRING)' in C:\xampp\htdocs\rsam\storage\framework\views\bda99c0704b54f189cb843b0ad23e04e:10
Stack trace:
#0 {main}  
[2016-04-05 19:07:37] production.ERROR: exception 'Symfony\Component\Debug\Exception\FatalErrorException' with message 'syntax error, unexpected 'css' (T_STRING)' in C:\xampp\htdocs\rsam\storage\framework\views\bda99c0704b54f189cb843b0ad23e04e:10
Stack trace:
#0 {main}  
[2016-04-05 19:07:42] production.ERROR: exception 'Symfony\Component\Debug\Exception\FatalErrorException' with message 'syntax error, unexpected 'css' (T_STRING)' in C:\xampp\htdocs\rsam\storage\framework\views\bda99c0704b54f189cb843b0ad23e04e:10
Stack trace:
#0 {main}  
[2016-04-05 19:07:53] production.ERROR: exception 'Symfony\Component\Debug\Exception\FatalErrorException' with message 'syntax error, unexpected 'css' (T_STRING)' in C:\xampp\htdocs\rsam\storage\framework\views\bda99c0704b54f189cb843b0ad23e04e:10
Stack trace:
#0 {main}  
[2016-04-05 19:07:57] production.ERROR: exception 'Symfony\Component\Debug\Exception\FatalErrorException' with message 'syntax error, unexpected 'css' (T_STRING)' in C:\xampp\htdocs\rsam\storage\framework\views\bda99c0704b54f189cb843b0ad23e04e:10
Stack trace:
#0 {main}  
[2016-04-05 19:08:13] production.ERROR: exception 'Symfony\Component\Debug\Exception\FatalErrorException' with message 'syntax error, unexpected '')); ?>" />' (T_CONSTANT_ENCAPSED_STRING)' in C:\xampp\htdocs\rsam\storage\framework\views\bda99c0704b54f189cb843b0ad23e04e:11
Stack trace:
#0 {main}  
[2016-04-05 19:09:49] production.ERROR: exception 'Symfony\Component\Debug\Exception\FatalErrorException' with message 'syntax error, unexpected 'css' (T_STRING)' in C:\xampp\htdocs\rsam\storage\framework\views\bda99c0704b54f189cb843b0ad23e04e:10
Stack trace:
#0 {main}  
[2016-04-05 19:09:53] production.ERROR: exception 'Symfony\Component\Debug\Exception\FatalErrorException' with message 'syntax error, unexpected 'css' (T_STRING)' in C:\xampp\htdocs\rsam\storage\framework\views\bda99c0704b54f189cb843b0ad23e04e:10
Stack trace:
#0 {main}  
[2016-04-05 19:12:49] production.ERROR: exception 'Symfony\Component\Debug\Exception\FatalErrorException' with message 'syntax error, unexpected 'template' (T_STRING)' in C:\xampp\htdocs\rsam\storage\framework\views\bda99c0704b54f189cb843b0ad23e04e:10
Stack trace:
#0 {main}  
[2016-04-05 19:14:34] production.ERROR: exception 'Symfony\Component\Debug\Exception\FatalErrorException' with message 'syntax error, unexpected 'template' (T_STRING)' in C:\xampp\htdocs\rsam\storage\framework\views\bda99c0704b54f189cb843b0ad23e04e:10
Stack trace:
#0 {main}  
[2016-04-05 19:14:37] production.ERROR: exception 'Symfony\Component\Debug\Exception\FatalErrorException' with message 'syntax error, unexpected 'template' (T_STRING)' in C:\xampp\htdocs\rsam\storage\framework\views\bda99c0704b54f189cb843b0ad23e04e:10
Stack trace:
#0 {main}  
[2016-04-05 19:15:09] production.ERROR: exception 'Symfony\Component\Debug\Exception\FatalErrorException' with message 'syntax error, unexpected 'template' (T_STRING)' in C:\xampp\htdocs\rsam\storage\framework\views\bda99c0704b54f189cb843b0ad23e04e:10
Stack trace:
#0 {main}  
