[2016-04-08 03:31:10] local.ERROR: exception 'ErrorException' with message 'Trying to get property of non-object' in C:\xampp\htdocs\rsam\app\Http\routes.php:36
Stack trace:
#0 C:\xampp\htdocs\rsam\app\Http\routes.php(36): Illuminate\Foundation\Bootstrap\HandleExceptions->handleError(8, 'Trying to get p...', 'C:\\xampp\\htdocs...', 36, Array)
#1 [internal function]: App\Providers\RouteServiceProvider->{closure}()
#2 C:\xampp\htdocs\rsam\vendor\laravel\framework\src\Illuminate\Routing\Route.php(157): call_user_func_array(Object(Closure), Array)
#3 C:\xampp\htdocs\rsam\vendor\laravel\framework\src\Illuminate\Routing\Route.php(129): Illuminate\Routing\Route->runCallable(Object(Illuminate\Http\Request))
#4 C:\xampp\htdocs\rsam\vendor\laravel\framework\src\Illuminate\Routing\Router.php(701): Illuminate\Routing\Route->run(Object(Illuminate\Http\Request))
#5 [internal function]: Illuminate\Routing\Router->Illuminate\Routing\{closure}(Object(Illuminate\Http\Request))
#6 C:\xampp\htdocs\rsam\vendor\laravel\framework\src\Illuminate\Pipeline\Pipeline.php(141): call_user_func(Object(Closure), Object(Illuminate\Http\Request))
#7 [internal function]: Illuminate\Pipeline\Pipeline->Illuminate\Pipeline\{closure}(Object(Illuminate\Http\Request))
#8 C:\xampp\htdocs\rsam\vendor\laravel\framework\src\Illuminate\Pipeline\Pipeline.php(101): call_user_func(Object(Closure), Object(Illuminate\Http\Request))
#9 C:\xampp\htdocs\rsam\vendor\laravel\framework\src\Illuminate\Routing\Router.php(703): Illuminate\Pipeline\Pipeline->then(Object(Closure))
#10 C:\xampp\htdocs\rsam\vendor\laravel\framework\src\Illuminate\Routing\Router.php(670): Illuminate\Routing\Router->runRouteWithinStack(Object(Illuminate\Routing\Route), Object(Illuminate\Http\Request))
#11 C:\xampp\htdocs\rsam\vendor\laravel\framework\src\Illuminate\Routing\Router.php(628): Illuminate\Routing\Router->dispatchToRoute(Object(Illuminate\Http\Request))
#12 C:\xampp\htdocs\rsam\vendor\laravel\framework\src\Illuminate\Foundation\Http\Kernel.php(214): Illuminate\Routing\Router->dispatch(Object(Illuminate\Http\Request))
#13 [internal function]: Illuminate\Foundation\Http\Kernel->Illuminate\Foundation\Http\{closure}(Object(Illuminate\Http\Request))
#14 C:\xampp\htdocs\rsam\vendor\laravel\framework\src\Illuminate\Pipeline\Pipeline.php(141): call_user_func(Object(Closure), Object(Illuminate\Http\Request))
#15 C:\xampp\htdocs\rsam\vendor\laravel\framework\src\Illuminate\Foundation\Http\Middleware\VerifyCsrfToken.php(43): Illuminate\Pipeline\Pipeline->Illuminate\Pipeline\{closure}(Object(Illuminate\Http\Request))
#16 C:\xampp\htdocs\rsam\app\Http\Middleware\VerifyCsrfToken.php(17): Illuminate\Foundation\Http\Middleware\VerifyCsrfToken->handle(Object(Illuminate\Http\Request), Object(Closure))
#17 C:\xampp\htdocs\rsam\vendor\laravel\framework\src\Illuminate\Pipeline\Pipeline.php(125): App\Http\Middleware\VerifyCsrfToken->handle(Object(Illuminate\Http\Request), Object(Closure))
#18 C:\xampp\htdocs\rsam\vendor\laravel\framework\src\Illuminate\View\Middleware\ShareErrorsFromSession.php(55): Illuminate\Pipeline\Pipeline->Illuminate\Pipeline\{closure}(Object(Illuminate\Http\Request))
#19 C:\xampp\htdocs\rsam\vendor\laravel\framework\src\Illuminate\Pipeline\Pipeline.php(125): Illuminate\View\Middleware\ShareErrorsFromSession->handle(Object(Illuminate\Http\Request), Object(Closure))
#20 C:\xampp\htdocs\rsam\vendor\laravel\framework\src\Illuminate\Session\Middleware\StartSession.php(61): Illuminate\Pipeline\Pipeline->Illuminate\Pipeline\{closure}(Object(Illuminate\Http\Request))
#21 C:\xampp\htdocs\rsam\vendor\laravel\framework\src\Illuminate\Pipeline\Pipeline.php(125): Illuminate\Session\Middleware\StartSession->handle(Object(Illuminate\Http\Request), Object(Closure))
#22 C:\xampp\htdocs\rsam\vendor\laravel\framework\src\Illuminate\Cookie\Middleware\AddQueuedCookiesToResponse.php(36): Illuminate\Pipeline\Pipeline->Illuminate\Pipeline\{closure}(Object(Illuminate\Http\Request))
#23 C:\xampp\htdocs\rsam\vendor\laravel\framework\src\Illuminate\Pipeline\Pipeline.php(125): Illuminate\Cookie\Middleware\AddQueuedCookiesToResponse->handle(Object(Illuminate\Http\Request), Object(Closure))
#24 C:\xampp\htdocs\rsam\vendor\laravel\framework\src\Illuminate\Cookie\Middleware\EncryptCookies.php(40): Illuminate\Pipeline\Pipeline->Illuminate\Pipeline\{closure}(Object(Illuminate\Http\Request))
#25 C:\xampp\htdocs\rsam\vendor\laravel\framework\src\Illuminate\Pipeline\Pipeline.php(125): Illuminate\Cookie\Middleware\EncryptCookies->handle(Object(Illuminate\Http\Request), Object(Closure))
#26 C:\xampp\htdocs\rsam\vendor\laravel\framework\src\Illuminate\Foundation\Http\Middleware\CheckForMaintenanceMode.php(42): Illuminate\Pipeline\Pipeline->Illuminate\Pipeline\{closure}(Object(Illuminate\Http\Request))
#27 C:\xampp\htdocs\rsam\vendor\laravel\framework\src\Illuminate\Pipeline\Pipeline.php(125): Illuminate\Foundation\Http\Middleware\CheckForMaintenanceMode->handle(Object(Illuminate\Http\Request), Object(Closure))
#28 [internal function]: Illuminate\Pipeline\Pipeline->Illuminate\Pipeline\{closure}(Object(Illuminate\Http\Request))
#29 C:\xampp\htdocs\rsam\vendor\laravel\framework\src\Illuminate\Pipeline\Pipeline.php(101): call_user_func(Object(Closure), Object(Illuminate\Http\Request))
#30 C:\xampp\htdocs\rsam\vendor\laravel\framework\src\Illuminate\Foundation\Http\Kernel.php(115): Illuminate\Pipeline\Pipeline->then(Object(Closure))
#31 C:\xampp\htdocs\rsam\vendor\laravel\framework\src\Illuminate\Foundation\Http\Kernel.php(84): Illuminate\Foundation\Http\Kernel->sendRequestThroughRouter(Object(Illuminate\Http\Request))
#32 C:\xampp\htdocs\rsam\index.php(53): Illuminate\Foundation\Http\Kernel->handle(Object(Illuminate\Http\Request))
#33 {main}  
[2016-04-08 03:32:50] local.ERROR: exception 'ErrorException' with message 'Trying to get property of non-object' in C:\xampp\htdocs\rsam\app\Http\routes.php:36
Stack trace:
#0 C:\xampp\htdocs\rsam\app\Http\routes.php(36): Illuminate\Foundation\Bootstrap\HandleExceptions->handleError(8, 'Trying to get p...', 'C:\\xampp\\htdocs...', 36, Array)
#1 [internal function]: App\Providers\RouteServiceProvider->{closure}()
#2 C:\xampp\htdocs\rsam\vendor\laravel\framework\src\Illuminate\Routing\Route.php(157): call_user_func_array(Object(Closure), Array)
#3 C:\xampp\htdocs\rsam\vendor\laravel\framework\src\Illuminate\Routing\Route.php(129): Illuminate\Routing\Route->runCallable(Object(Illuminate\Http\Request))
#4 C:\xampp\htdocs\rsam\vendor\laravel\framework\src\Illuminate\Routing\Router.php(701): Illuminate\Routing\Route->run(Object(Illuminate\Http\Request))
#5 [internal function]: Illuminate\Routing\Router->Illuminate\Routing\{closure}(Object(Illuminate\Http\Request))
#6 C:\xampp\htdocs\rsam\vendor\laravel\framework\src\Illuminate\Pipeline\Pipeline.php(141): call_user_func(Object(Closure), Object(Illuminate\Http\Request))
#7 [internal function]: Illuminate\Pipeline\Pipeline->Illuminate\Pipeline\{closure}(Object(Illuminate\Http\Request))
#8 C:\xampp\htdocs\rsam\vendor\laravel\framework\src\Illuminate\Pipeline\Pipeline.php(101): call_user_func(Object(Closure), Object(Illuminate\Http\Request))
#9 C:\xampp\htdocs\rsam\vendor\laravel\framework\src\Illuminate\Routing\Router.php(703): Illuminate\Pipeline\Pipeline->then(Object(Closure))
#10 C:\xampp\htdocs\rsam\vendor\laravel\framework\src\Illuminate\Routing\Router.php(670): Illuminate\Routing\Router->runRouteWithinStack(Object(Illuminate\Routing\Route), Object(Illuminate\Http\Request))
#11 C:\xampp\htdocs\rsam\vendor\laravel\framework\src\Illuminate\Routing\Router.php(628): Illuminate\Routing\Router->dispatchToRoute(Object(Illuminate\Http\Request))
#12 C:\xampp\htdocs\rsam\vendor\laravel\framework\src\Illuminate\Foundation\Http\Kernel.php(214): Illuminate\Routing\Router->dispatch(Object(Illuminate\Http\Request))
#13 [internal function]: Illuminate\Foundation\Http\Kernel->Illuminate\Foundation\Http\{closure}(Object(Illuminate\Http\Request))
#14 C:\xampp\htdocs\rsam\vendor\laravel\framework\src\Illuminate\Pipeline\Pipeline.php(141): call_user_func(Object(Closure), Object(Illuminate\Http\Request))
#15 C:\xampp\htdocs\rsam\vendor\laravel\framework\src\Illuminate\Foundation\Http\Middleware\VerifyCsrfToken.php(43): Illuminate\Pipeline\Pipeline->Illuminate\Pipeline\{closure}(Object(Illuminate\Http\Request))
#16 C:\xampp\htdocs\rsam\app\Http\Middleware\VerifyCsrfToken.php(17): Illuminate\Foundation\Http\Middleware\VerifyCsrfToken->handle(Object(Illuminate\Http\Request), Object(Closure))
#17 C:\xampp\htdocs\rsam\vendor\laravel\framework\src\Illuminate\Pipeline\Pipeline.php(125): App\Http\Middleware\VerifyCsrfToken->handle(Object(Illuminate\Http\Request), Object(Closure))
#18 C:\xampp\htdocs\rsam\vendor\laravel\framework\src\Illuminate\View\Middleware\ShareErrorsFromSession.php(55): Illuminate\Pipeline\Pipeline->Illuminate\Pipeline\{closure}(Object(Illuminate\Http\Request))
#19 C:\xampp\htdocs\rsam\vendor\laravel\framework\src\Illuminate\Pipeline\Pipeline.php(125): Illuminate\View\Middleware\ShareErrorsFromSession->handle(Object(Illuminate\Http\Request), Object(Closure))
#20 C:\xampp\htdocs\rsam\vendor\laravel\framework\src\Illuminate\Session\Middleware\StartSession.php(61): Illuminate\Pipeline\Pipeline->Illuminate\Pipeline\{closure}(Object(Illuminate\Http\Request))
#21 C:\xampp\htdocs\rsam\vendor\laravel\framework\src\Illuminate\Pipeline\Pipeline.php(125): Illuminate\Session\Middleware\StartSession->handle(Object(Illuminate\Http\Request), Object(Closure))
#22 C:\xampp\htdocs\rsam\vendor\laravel\framework\src\Illuminate\Cookie\Middleware\AddQueuedCookiesToResponse.php(36): Illuminate\Pipeline\Pipeline->Illuminate\Pipeline\{closure}(Object(Illuminate\Http\Request))
#23 C:\xampp\htdocs\rsam\vendor\laravel\framework\src\Illuminate\Pipeline\Pipeline.php(125): Illuminate\Cookie\Middleware\AddQueuedCookiesToResponse->handle(Object(Illuminate\Http\Request), Object(Closure))
#24 C:\xampp\htdocs\rsam\vendor\laravel\framework\src\Illuminate\Cookie\Middleware\EncryptCookies.php(40): Illuminate\Pipeline\Pipeline->Illuminate\Pipeline\{closure}(Object(Illuminate\Http\Request))
#25 C:\xampp\htdocs\rsam\vendor\laravel\framework\src\Illuminate\Pipeline\Pipeline.php(125): Illuminate\Cookie\Middleware\EncryptCookies->handle(Object(Illuminate\Http\Request), Object(Closure))
#26 C:\xampp\htdocs\rsam\vendor\laravel\framework\src\Illuminate\Foundation\Http\Middleware\CheckForMaintenanceMode.php(42): Illuminate\Pipeline\Pipeline->Illuminate\Pipeline\{closure}(Object(Illuminate\Http\Request))
#27 C:\xampp\htdocs\rsam\vendor\laravel\framework\src\Illuminate\Pipeline\Pipeline.php(125): Illuminate\Foundation\Http\Middleware\CheckForMaintenanceMode->handle(Object(Illuminate\Http\Request), Object(Closure))
#28 [internal function]: Illuminate\Pipeline\Pipeline->Illuminate\Pipeline\{closure}(Object(Illuminate\Http\Request))
#29 C:\xampp\htdocs\rsam\vendor\laravel\framework\src\Illuminate\Pipeline\Pipeline.php(101): call_user_func(Object(Closure), Object(Illuminate\Http\Request))
#30 C:\xampp\htdocs\rsam\vendor\laravel\framework\src\Illuminate\Foundation\Http\Kernel.php(115): Illuminate\Pipeline\Pipeline->then(Object(Closure))
#31 C:\xampp\htdocs\rsam\vendor\laravel\framework\src\Illuminate\Foundation\Http\Kernel.php(84): Illuminate\Foundation\Http\Kernel->sendRequestThroughRouter(Object(Illuminate\Http\Request))
#32 C:\xampp\htdocs\rsam\index.php(53): Illuminate\Foundation\Http\Kernel->handle(Object(Illuminate\Http\Request))
#33 {main}  
[2016-04-08 03:34:34] local.ERROR: exception 'Symfony\Component\Debug\Exception\FatalErrorException' with message 'Call to undefined function App\Http\Controllers\Auth\postLogin()' in C:\xampp\htdocs\rsam\app\Http\Controllers\Auth\AuthController.php:77
Stack trace:
#0 {main}  
[2016-04-08 03:39:10] local.ERROR: exception 'Symfony\Component\Debug\Exception\FatalErrorException' with message 'Call to undefined function App\Http\Controllers\Auth\login()' in C:\xampp\htdocs\rsam\app\Http\Controllers\Auth\AuthController.php:49
Stack trace:
#0 {main}  
[2016-04-08 04:54:52] local.ERROR: exception 'PDOException' with message 'SQLSTATE[08006] [7] FATAL:  password authentication failed for user "postgres"' in C:\xampp\htdocs\rsam\vendor\laravel\framework\src\Illuminate\Database\Connectors\Connector.php:47
Stack trace:
#0 C:\xampp\htdocs\rsam\vendor\laravel\framework\src\Illuminate\Database\Connectors\Connector.php(47): PDO->__construct('pgsql:host=loca...', 'postgres', '1234567', Array)
#1 C:\xampp\htdocs\rsam\vendor\laravel\framework\src\Illuminate\Database\Connectors\PostgresConnector.php(34): Illuminate\Database\Connectors\Connector->createConnection('pgsql:host=loca...', Array, Array)
#2 C:\xampp\htdocs\rsam\vendor\laravel\framework\src\Illuminate\Database\Connectors\ConnectionFactory.php(58): Illuminate\Database\Connectors\PostgresConnector->connect(Array)
#3 C:\xampp\htdocs\rsam\vendor\laravel\framework\src\Illuminate\Database\Connectors\ConnectionFactory.php(47): Illuminate\Database\Connectors\ConnectionFactory->createSingleConnection(Array)
#4 C:\xampp\htdocs\rsam\vendor\laravel\framework\src\Illuminate\Database\DatabaseManager.php(177): Illuminate\Database\Connectors\ConnectionFactory->make(Array, 'pgsql')
#5 C:\xampp\htdocs\rsam\vendor\laravel\framework\src\Illuminate\Database\DatabaseManager.php(65): Illuminate\Database\DatabaseManager->makeConnection('pgsql')
#6 C:\xampp\htdocs\rsam\vendor\laravel\framework\src\Illuminate\Database\Eloquent\Model.php(3146): Illuminate\Database\DatabaseManager->connection(NULL)
#7 C:\xampp\htdocs\rsam\vendor\laravel\framework\src\Illuminate\Database\Eloquent\Model.php(3112): Illuminate\Database\Eloquent\Model::resolveConnection(NULL)
#8 C:\xampp\htdocs\rsam\vendor\laravel\framework\src\Illuminate\Database\Eloquent\Model.php(1887): Illuminate\Database\Eloquent\Model->getConnection()
#9 C:\xampp\htdocs\rsam\vendor\laravel\framework\src\Illuminate\Database\Eloquent\Model.php(1828): Illuminate\Database\Eloquent\Model->newBaseQueryBuilder()
#10 C:\xampp\htdocs\rsam\vendor\laravel\framework\src\Illuminate\Database\Eloquent\Model.php(1802): Illuminate\Database\Eloquent\Model->newQueryWithoutScopes()
#11 C:\xampp\htdocs\rsam\vendor\laravel\framework\src\Illuminate\Auth\EloquentUserProvider.php(89): Illuminate\Database\Eloquent\Model->newQuery()
#12 C:\xampp\htdocs\rsam\vendor\laravel\framework\src\Illuminate\Auth\Guard.php(371): Illuminate\Auth\EloquentUserProvider->retrieveByCredentials(Array)
#13 [internal function]: Illuminate\Auth\Guard->attempt(Array)
#14 C:\xampp\htdocs\rsam\vendor\laravel\framework\src\Illuminate\Support\Manager.php(139): call_user_func_array(Array, Array)
#15 C:\xampp\htdocs\rsam\vendor\laravel\framework\src\Illuminate\Support\Facades\Facade.php(210): Illuminate\Support\Manager->__call('attempt', Array)
#16 C:\xampp\htdocs\rsam\vendor\laravel\framework\src\Illuminate\Support\Facades\Facade.php(210): Illuminate\Auth\AuthManager->attempt(Array)
#17 C:\xampp\htdocs\rsam\app\Http\Controllers\Auth\AuthController.php(50): Illuminate\Support\Facades\Facade::__callStatic('attempt', Array)
#18 C:\xampp\htdocs\rsam\app\Http\Controllers\Auth\AuthController.php(50): Illuminate\Support\Facades\Auth::attempt(Array)
#19 [internal function]: App\Http\Controllers\Auth\AuthController->postLogin(Object(App\Http\Requests\LoginRequest))
#20 C:\xampp\htdocs\rsam\vendor\laravel\framework\src\Illuminate\Routing\Controller.php(246): call_user_func_array(Array, Array)
#21 C:\xampp\htdocs\rsam\vendor\laravel\framework\src\Illuminate\Routing\ControllerDispatcher.php(162): Illuminate\Routing\Controller->callAction('postLogin', Array)
#22 C:\xampp\htdocs\rsam\vendor\laravel\framework\src\Illuminate\Routing\ControllerDispatcher.php(107): Illuminate\Routing\ControllerDispatcher->call(Object(App\Http\Controllers\Auth\AuthController), Object(Illuminate\Routing\Route), 'postLogin')
#23 [internal function]: Illuminate\Routing\ControllerDispatcher->Illuminate\Routing\{closure}(Object(Illuminate\Http\Request))
#24 C:\xampp\htdocs\rsam\vendor\laravel\framework\src\Illuminate\Pipeline\Pipeline.php(141): call_user_func(Object(Closure), Object(Illuminate\Http\Request))
#25 C:\xampp\htdocs\rsam\app\Http\Middleware\RedirectIfAuthenticated.php(42): Illuminate\Pipeline\Pipeline->Illuminate\Pipeline\{closure}(Object(Illuminate\Http\Request))
#26 C:\xampp\htdocs\rsam\vendor\laravel\framework\src\Illuminate\Pipeline\Pipeline.php(125): App\Http\Middleware\RedirectIfAuthenticated->handle(Object(Illuminate\Http\Request), Object(Closure))
#27 [internal function]: Illuminate\Pipeline\Pipeline->Illuminate\Pipeline\{closure}(Object(Illuminate\Http\Request))
#28 C:\xampp\htdocs\rsam\vendor\laravel\framework\src\Illuminate\Pipeline\Pipeline.php(101): call_user_func(Object(Closure), Object(Illuminate\Http\Request))
#29 C:\xampp\htdocs\rsam\vendor\laravel\framework\src\Illuminate\Routing\ControllerDispatcher.php(108): Illuminate\Pipeline\Pipeline->then(Object(Closure))
#30 C:\xampp\htdocs\rsam\vendor\laravel\framework\src\Illuminate\Routing\ControllerDispatcher.php(67): Illuminate\Routing\ControllerDispatcher->callWithinStack(Object(App\Http\Controllers\Auth\AuthController), Object(Illuminate\Routing\Route), Object(Illuminate\Http\Request), 'postLogin')
#31 C:\xampp\htdocs\rsam\vendor\laravel\framework\src\Illuminate\Routing\Route.php(204): Illuminate\Routing\ControllerDispatcher->dispatch(Object(Illuminate\Routing\Route), Object(Illuminate\Http\Request), 'App\\Http\\Contro...', 'postLogin')
#32 C:\xampp\htdocs\rsam\vendor\laravel\framework\src\Illuminate\Routing\Route.php(134): Illuminate\Routing\Route->runWithCustomDispatcher(Object(Illuminate\Http\Request))
#33 C:\xampp\htdocs\rsam\vendor\laravel\framework\src\Illuminate\Routing\Router.php(701): Illuminate\Routing\Route->run(Object(Illuminate\Http\Request))
#34 [internal function]: Illuminate\Routing\Router->Illuminate\Routing\{closure}(Object(Illuminate\Http\Request))
#35 C:\xampp\htdocs\rsam\vendor\laravel\framework\src\Illuminate\Pipeline\Pipeline.php(141): call_user_func(Object(Closure), Object(Illuminate\Http\Request))
#36 [internal function]: Illuminate\Pipeline\Pipeline->Illuminate\Pipeline\{closure}(Object(Illuminate\Http\Request))
#37 C:\xampp\htdocs\rsam\vendor\laravel\framework\src\Illuminate\Pipeline\Pipeline.php(101): call_user_func(Object(Closure), Object(Illuminate\Http\Request))
#38 C:\xampp\htdocs\rsam\vendor\laravel\framework\src\Illuminate\Routing\Router.php(703): Illuminate\Pipeline\Pipeline->then(Object(Closure))
#39 C:\xampp\htdocs\rsam\vendor\laravel\framework\src\Illuminate\Routing\Router.php(670): Illuminate\Routing\Router->runRouteWithinStack(Object(Illuminate\Routing\Route), Object(Illuminate\Http\Request))
#40 C:\xampp\htdocs\rsam\vendor\laravel\framework\src\Illuminate\Routing\Router.php(628): Illuminate\Routing\Router->dispatchToRoute(Object(Illuminate\Http\Request))
#41 C:\xampp\htdocs\rsam\vendor\laravel\framework\src\Illuminate\Foundation\Http\Kernel.php(214): Illuminate\Routing\Router->dispatch(Object(Illuminate\Http\Request))
#42 [internal function]: Illuminate\Foundation\Http\Kernel->Illuminate\Foundation\Http\{closure}(Object(Illuminate\Http\Request))
#43 C:\xampp\htdocs\rsam\vendor\laravel\framework\src\Illuminate\Pipeline\Pipeline.php(141): call_user_func(Object(Closure), Object(Illuminate\Http\Request))
#44 C:\xampp\htdocs\rsam\vendor\laravel\framework\src\Illuminate\Foundation\Http\Middleware\VerifyCsrfToken.php(43): Illuminate\Pipeline\Pipeline->Illuminate\Pipeline\{closure}(Object(Illuminate\Http\Request))
#45 C:\xampp\htdocs\rsam\app\Http\Middleware\VerifyCsrfToken.php(17): Illuminate\Foundation\Http\Middleware\VerifyCsrfToken->handle(Object(Illuminate\Http\Request), Object(Closure))
#46 C:\xampp\htdocs\rsam\vendor\laravel\framework\src\Illuminate\Pipeline\Pipeline.php(125): App\Http\Middleware\VerifyCsrfToken->handle(Object(Illuminate\Http\Request), Object(Closure))
#47 C:\xampp\htdocs\rsam\vendor\laravel\framework\src\Illuminate\View\Middleware\ShareErrorsFromSession.php(55): Illuminate\Pipeline\Pipeline->Illuminate\Pipeline\{closure}(Object(Illuminate\Http\Request))
#48 C:\xampp\htdocs\rsam\vendor\laravel\framework\src\Illuminate\Pipeline\Pipeline.php(125): Illuminate\View\Middleware\ShareErrorsFromSession->handle(Object(Illuminate\Http\Request), Object(Closure))
#49 C:\xampp\htdocs\rsam\vendor\laravel\framework\src\Illuminate\Session\Middleware\StartSession.php(61): Illuminate\Pipeline\Pipeline->Illuminate\Pipeline\{closure}(Object(Illuminate\Http\Request))
#50 C:\xampp\htdocs\rsam\vendor\laravel\framework\src\Illuminate\Pipeline\Pipeline.php(125): Illuminate\Session\Middleware\StartSession->handle(Object(Illuminate\Http\Request), Object(Closure))
#51 C:\xampp\htdocs\rsam\vendor\laravel\framework\src\Illuminate\Cookie\Middleware\AddQueuedCookiesToResponse.php(36): Illuminate\Pipeline\Pipeline->Illuminate\Pipeline\{closure}(Object(Illuminate\Http\Request))
#52 C:\xampp\htdocs\rsam\vendor\laravel\framework\src\Illuminate\Pipeline\Pipeline.php(125): Illuminate\Cookie\Middleware\AddQueuedCookiesToResponse->handle(Object(Illuminate\Http\Request), Object(Closure))
#53 C:\xampp\htdocs\rsam\vendor\laravel\framework\src\Illuminate\Cookie\Middleware\EncryptCookies.php(40): Illuminate\Pipeline\Pipeline->Illuminate\Pipeline\{closure}(Object(Illuminate\Http\Request))
#54 C:\xampp\htdocs\rsam\vendor\laravel\framework\src\Illuminate\Pipeline\Pipeline.php(125): Illuminate\Cookie\Middleware\EncryptCookies->handle(Object(Illuminate\Http\Request), Object(Closure))
#55 C:\xampp\htdocs\rsam\vendor\laravel\framework\src\Illuminate\Foundation\Http\Middleware\CheckForMaintenanceMode.php(42): Illuminate\Pipeline\Pipeline->Illuminate\Pipeline\{closure}(Object(Illuminate\Http\Request))
#56 C:\xampp\htdocs\rsam\vendor\laravel\framework\src\Illuminate\Pipeline\Pipeline.php(125): Illuminate\Foundation\Http\Middleware\CheckForMaintenanceMode->handle(Object(Illuminate\Http\Request), Object(Closure))
#57 [internal function]: Illuminate\Pipeline\Pipeline->Illuminate\Pipeline\{closure}(Object(Illuminate\Http\Request))
#58 C:\xampp\htdocs\rsam\vendor\laravel\framework\src\Illuminate\Pipeline\Pipeline.php(101): call_user_func(Object(Closure), Object(Illuminate\Http\Request))
#59 C:\xampp\htdocs\rsam\vendor\laravel\framework\src\Illuminate\Foundation\Http\Kernel.php(115): Illuminate\Pipeline\Pipeline->then(Object(Closure))
#60 C:\xampp\htdocs\rsam\vendor\laravel\framework\src\Illuminate\Foundation\Http\Kernel.php(84): Illuminate\Foundation\Http\Kernel->sendRequestThroughRouter(Object(Illuminate\Http\Request))
#61 C:\xampp\htdocs\rsam\index.php(53): Illuminate\Foundation\Http\Kernel->handle(Object(Illuminate\Http\Request))
#62 {main}  
